#
# There is insufficient memory for the Java Runtime Environment to continue.
# Native memory allocation (malloc) failed to allocate 1048576 bytes for AllocateHeap
# Possible reasons:
#   The system is out of physical RAM or swap space
#   The process is running with CompressedOops enabled, and the Java Heap may be blocking the growth of the native heap
# Possible solutions:
#   Reduce memory load on the system
#   Increase physical memory or swap space
#   Check if swap backing store is full
#   Decrease Java heap size (-Xmx/-Xms)
#   Decrease number of Java threads
#   Decrease Java thread stack sizes (-Xss)
#   Set larger code cache with -XX:ReservedCodeCacheSize=
#   JVM is running with Unscaled Compressed Oops mode in which the Java heap is
#     placed in the first 4GB address space. The Java Heap base address is the
#     maximum limit for the native heap growth. Please use -XX:HeapBaseMinAddress
#     to set the Java Heap base and to place the Java Heap above 4GB virtual address.
# This output file may be truncated or incomplete.
#
#  Out of Memory Error (allocation.cpp:44), pid=77044, tid=81460
#
# JRE version:  (17.0.6+9) (build )
# Java VM: Java HotSpot(TM) 64-Bit Server VM (17.0.6+9-LTS-190, mixed mode, sharing, tiered, compressed oops, compressed class ptrs, g1 gc, windows-amd64)
# No core dump will be written. Minidumps are not enabled by default on client versions of Windows
#

---------------  S U M M A R Y ------------

Command Line: -Xmx64m -Xms64m -Dorg.gradle.appname=gradlew org.gradle.wrapper.GradleWrapperMain app:installDebug -PreactNativeDevServerPort=8081

Host: Intel(R) Core(TM) i5-9400F CPU @ 2.90GHz, 6 cores, 23G,  Windows 10 , 64 bit Build 19041 (10.0.19041.5915)
Time: Fri Jun  6 02:07:27 2025  Windows 10 , 64 bit Build 19041 (10.0.19041.5915) elapsed time: 0.104950 seconds (0d 0h 0m 0s)

---------------  T H R E A D  ---------------

Current thread (0x000002817ad5bbd0):  JavaThread "Unknown thread" [_thread_in_vm, id=81460, stack(0x000000d88e500000,0x000000d88e600000)]

Stack: [0x000000d88e500000,0x000000d88e600000]
Native frames: (J=compiled Java code, j=interpreted, Vv=VM code, C=native code)
V  [jvm.dll+0x6734ea]
V  [jvm.dll+0x7d18f4]
V  [jvm.dll+0x7d309e]
V  [jvm.dll+0x7d3703]
V  [jvm.dll+0x2433c5]
V  [jvm.dll+0xa4ae3]
V  [jvm.dll+0x2e04de]
V  [jvm.dll+0x2d822b]
V  [jvm.dll+0x7a33b1]
V  [jvm.dll+0x3647f1]
V  [jvm.dll+0x782839]
V  [jvm.dll+0x3e757f]
V  [jvm.dll+0x3e9001]
C  [jli.dll+0x5297]
C  [ucrtbase.dll+0x21bb2]
C  [KERNEL32.DLL+0x17374]
C  [ntdll.dll+0x4cc91]


---------------  P R O C E S S  ---------------

Threads class SMR info:
_java_thread_list=0x00007ffee16ee958, length=0, elements={
}

Java Threads: ( => current thread )

Other Threads:
  0x000002817ad7bd50 GCTaskThread "GC Thread#0" [stack: 0x000000d88e600000,0x000000d88e700000] [id=78088]

[error occurred during error reporting (printing all threads), id 0xc0000005, EXCEPTION_ACCESS_VIOLATION (0xc0000005) at pc=0x00007ffee0f25450]

VM state: not at safepoint (not fully initialized)

VM Mutex/Monitor currently owned by a thread:  ([mutex/lock_event])
[0x000002817ad591f0] Heap_lock - owner thread: 0x000002817ad5bbd0

Heap address: 0x00000000fc000000, size: 64 MB, Compressed Oops mode: 32-bit

CDS archive(s) mapped at: [0x0000000000000000-0x0000000000000000-0x0000000000000000), size 0, SharedBaseAddress: 0x0000000800000000, ArchiveRelocationMode: 0.
Narrow klass base: 0x0000000000000000, Narrow klass shift: 0, Narrow klass range: 0x0

GC Precious Log:
<Empty>

Heap:
 garbage-first heap   total 0K, used 0K [0x00000000fc000000, 0x0000000100000000)
  region size 1024K, 0 young (0K), 0 survivors (0K)

[error occurred during error reporting (printing heap information), id 0xc0000005, EXCEPTION_ACCESS_VIOLATION (0xc0000005) at pc=0x00007ffee130c759]

GC Heap History (0 events):
No events

Deoptimization events (0 events):
No events

Classes unloaded (0 events):
No events

Classes redefined (0 events):
No events

Internal exceptions (0 events):
No events

VM Operations (0 events):
No events

Events (1 events):
Event: 0.100 Loaded shared library D:\Program Files\jdk\Java\jdk-17\bin\java.dll


Dynamic libraries:
0x00007ff71bcf0000 - 0x00007ff71bd00000 	D:\Program Files\jdk\Java\jdk-17\bin\java.exe
0x00007fff353f0000 - 0x00007fff355e8000 	C:\Windows\SYSTEM32\ntdll.dll
0x00007fff33410000 - 0x00007fff334d2000 	C:\Windows\System32\KERNEL32.DLL
0x00007fff32ec0000 - 0x00007fff331b6000 	C:\Windows\System32\KERNELBASE.dll
0x00007fff33310000 - 0x00007fff33410000 	C:\Windows\System32\ucrtbase.dll
0x00007fff1a3b0000 - 0x00007fff1a3cb000 	D:\Program Files\jdk\Java\jdk-17\bin\VCRUNTIME140.dll
0x00007fff1a3d0000 - 0x00007fff1a3e8000 	D:\Program Files\jdk\Java\jdk-17\bin\jli.dll
0x00007fff352f0000 - 0x00007fff353a1000 	C:\Windows\System32\ADVAPI32.dll
0x00007fff343d0000 - 0x00007fff3446e000 	C:\Windows\System32\msvcrt.dll
0x00007fff33860000 - 0x00007fff338ff000 	C:\Windows\System32\sechost.dll
0x00007fff33920000 - 0x00007fff33a43000 	C:\Windows\System32\RPCRT4.dll
0x00007fff32d00000 - 0x00007fff32d27000 	C:\Windows\System32\bcrypt.dll
0x00007fff334e0000 - 0x00007fff3367d000 	C:\Windows\System32\USER32.dll
0x00007fff332e0000 - 0x00007fff33302000 	C:\Windows\System32\win32u.dll
0x00007fff337c0000 - 0x00007fff337eb000 	C:\Windows\System32\GDI32.dll
0x00007fff331c0000 - 0x00007fff332d9000 	C:\Windows\System32\gdi32full.dll
0x00007fff32c60000 - 0x00007fff32cfd000 	C:\Windows\System32\msvcp_win.dll
0x00007fff20010000 - 0x00007fff202aa000 	C:\Windows\WinSxS\amd64_microsoft.windows.common-controls_6595b64144ccf1df_6.0.19041.5915_none_60b4b9d171f9c7c7\COMCTL32.dll
0x00007fff29930000 - 0x00007fff2993a000 	C:\Windows\SYSTEM32\VERSION.dll
0x00007fff342a0000 - 0x00007fff342cf000 	C:\Windows\System32\IMM32.DLL
0x00007fff2e890000 - 0x00007fff2e89c000 	D:\Program Files\jdk\Java\jdk-17\bin\vcruntime140_1.dll
0x00007fff0eb40000 - 0x00007fff0ebce000 	D:\Program Files\jdk\Java\jdk-17\bin\msvcp140.dll
0x00007ffee0c40000 - 0x00007ffee1817000 	D:\Program Files\jdk\Java\jdk-17\bin\server\jvm.dll
0x00007fff337b0000 - 0x00007fff337b8000 	C:\Windows\System32\PSAPI.DLL
0x00007fff25540000 - 0x00007fff25567000 	C:\Windows\SYSTEM32\WINMM.dll
0x00007fff13d40000 - 0x00007fff13d49000 	C:\Windows\SYSTEM32\WSOCK32.dll
0x00007fff342d0000 - 0x00007fff3433b000 	C:\Windows\System32\WS2_32.dll
0x00007fff308e0000 - 0x00007fff308f2000 	C:\Windows\SYSTEM32\kernel.appcore.dll
0x00007fff2e870000 - 0x00007fff2e87a000 	D:\Program Files\jdk\Java\jdk-17\bin\jimage.dll
0x00007fff24920000 - 0x00007fff24b21000 	C:\Windows\SYSTEM32\DBGHELP.DLL
0x00007fff143f0000 - 0x00007fff14424000 	C:\Windows\SYSTEM32\dbgcore.DLL
0x00007fff32e30000 - 0x00007fff32eb2000 	C:\Windows\System32\bcryptPrimitives.dll
0x00007fff10bc0000 - 0x00007fff10be5000 	D:\Program Files\jdk\Java\jdk-17\bin\java.dll

dbghelp: loaded successfully - version: 4.0.5 - missing functions: none
symbol engine: initialized successfully - sym options: 0x614 - pdb path: .;D:\Program Files\jdk\Java\jdk-17\bin;C:\Windows\SYSTEM32;C:\Windows\WinSxS\amd64_microsoft.windows.common-controls_6595b64144ccf1df_6.0.19041.5915_none_60b4b9d171f9c7c7;D:\Program Files\jdk\Java\jdk-17\bin\server

VM Arguments:
jvm_args: -Xmx64m -Xms64m -Dorg.gradle.appname=gradlew 
java_command: org.gradle.wrapper.GradleWrapperMain app:installDebug -PreactNativeDevServerPort=8081
java_class_path (initial): D:\rn_01_app\android\\gradle\wrapper\gradle-wrapper.jar
Launcher Type: SUN_STANDARD

[Global flags]
     intx CICompilerCount                          = 3                                         {product} {ergonomic}
     uint ConcGCThreads                            = 2                                         {product} {ergonomic}
     uint G1ConcRefinementThreads                  = 6                                         {product} {ergonomic}
   size_t G1HeapRegionSize                         = 1048576                                   {product} {ergonomic}
    uintx GCDrainStackTargetSize                   = 64                                        {product} {ergonomic}
   size_t InitialHeapSize                          = 67108864                                  {product} {command line}
   size_t MarkStackSize                            = 4194304                                   {product} {ergonomic}
   size_t MaxHeapSize                              = 67108864                                  {product} {command line}
   size_t MinHeapDeltaBytes                        = 1048576                                   {product} {ergonomic}
   size_t MinHeapSize                              = 67108864                                  {product} {command line}
    uintx NonNMethodCodeHeapSize                   = 5832780                                {pd product} {ergonomic}
    uintx NonProfiledCodeHeapSize                  = 122912730                              {pd product} {ergonomic}
    uintx ProfiledCodeHeapSize                     = 122912730                              {pd product} {ergonomic}
    uintx ReservedCodeCacheSize                    = 251658240                              {pd product} {ergonomic}
     bool SegmentedCodeCache                       = true                                      {product} {ergonomic}
   size_t SoftMaxHeapSize                          = 67108864                               {manageable} {ergonomic}
     bool UseCompressedClassPointers               = true                           {product lp64_product} {ergonomic}
     bool UseCompressedOops                        = true                           {product lp64_product} {ergonomic}
     bool UseG1GC                                  = true                                      {product} {ergonomic}
     bool UseLargePagesIndividualAllocation        = false                                  {pd product} {ergonomic}

Logging:
Log output configuration:
 #0: stdout all=warning uptime,level,tags
 #1: stderr all=off uptime,level,tags

Environment Variables:
JAVA_HOME=D:\Program Files\jdk\Java\jdk-17
CLASSPATH=D:\rn_01_app\android\\gradle\wrapper\gradle-wrapper.jar
PATH=D:\rn_01_app\node_modules\.bin;D:\node_modules\.bin;D:\nvm_tools\nvm\v22.14.0\node_global\node_modules\npm\node_modules\@npmcli\run-script\lib\node-gyp-bin;D:\Python\Python3.11\;D:\Python\Python3.11\Scripts\;D:\Python\Python2.7;D:\Python\Python2.7\Scripts;D:\Python\Python3.12.5;D:\Python\Python3.12.5\Scripts;C:\Program Files\Common Files\Oracle\Java\javapath;C:\Windows\system32;C:\Windows;C:\Windows\System32\Wbem;C:\Windows\System32\WindowsPowerShell\v1.0\;C:\Windows\System32\OpenSSH\;D:\mysql8\mysql-8.0.34-winx64\bin;%MYSQL_HOME%\bin;D:\Program Files\ffmpeg\ffmpeg-20200312-675bb1f-win64-shared\bin;C:\Program Files (x86)\NVIDIA Corporation\PhysX\Common;C:\Program Files\NVIDIA Corporation\NVIDIA NvDLISR;E:\devsoft\apache-maven-3.9.6\bin;D:\Program Files\sqlite_tools;C:\Program Files\Docker\Docker\resources\bin;E:\android-studio3.1\SDK\platform-tools;E:\android-studio3.1\SDK\tools;E:\android-studio3.1\SDK\emulator;E:\android-studio3.1\SDK\tools\bin;C:\Users\Administrator\AppData\Local\Microsoft\WindowsApps;D:\nvm_tools\nvm;D:\nvm_tools\node.js;D:\nvm_tools\node.js\node_global;D:\Program Files\git_tools\Git\bin;D:\Program Files\git_tools\Git\cmd;D:\WebStorm\WebStorm 2023.2\bin;;D:\idea_tool\IntelliJ IDEA 2022.3\bin;;D:\Program Files\ffmpeg\ffmpeg-20200312-675bb1f-win64-shared\bin;C:\Windows\system32;E:\android-studio\SDK\platform-tools;%ANDROID_HOEM%\emulator;%ANDROID_HOEM%\tools;%ANDROID_HOEM%\tools\bin;E:\android-studio\flutter\bin;C:\Program Files\OpenSSL-Win64\bin;D:\rn_01_app\node_modules\.bin
USERNAME=Administrator
OS=Windows_NT
PROCESSOR_IDENTIFIER=Intel64 Family 6 Model 158 Stepping 10, GenuineIntel



---------------  S Y S T E M  ---------------

OS:
 Windows 10 , 64 bit Build 19041 (10.0.19041.5915)
OS uptime: 0 days 11:53 hours
Hyper-V role detected

CPU: total 6 (initial active 6) (6 cores per cpu, 1 threads per core) family 6 model 158 stepping 10 microcode 0xb4, cx8, cmov, fxsr, mmx, 3dnowpref, sse, sse2, sse3, ssse3, sse4.1, sse4.2, popcnt, lzcnt, tsc, tscinvbit, avx, avx2, aes, erms, clmul, bmi1, bmi2, adx, fma, vzeroupper, clflush, clflushopt, hv

Memory: 4k page, system-wide physical 24507M (3369M free)
TotalPageFile size 64037M (AvailPageFile size 5M)
current process WorkingSet (physical memory assigned to process): 10M, peak: 10M
current process commit charge ("private bytes"): 52M, peak: 53M

vm_info: Java HotSpot(TM) 64-Bit Server VM (17.0.6+9-LTS-190) for windows-amd64 JRE (17.0.6+9-LTS-190), built on Dec  6 2022 15:53:54 by "mach5one" with MS VC++ 17.1 (VS2022)

END.
